Build started 11/22/2015 2:28:53 PM.
     1>Project "D:\Clouds\OneDrive\GitHub\-2015-11-Pwr-Cpp-ZMPO-Ex2_2-\CHeksaAndOperators\CHeksaAndOperators\CHeksaAndOperatorsLibrary\CHeksaAndOperatorsLibrary.vcxproj" on node 2 (Build target(s)).
     1>ClCompile:
         C:\Program Files (x86)\Microsoft Visual Studio 14.0\VC\bin\CL.exe /c /ZI /nologo /W3 /WX- /Od /Oy- /D WIN32 /D _DEBUG /D _LIB /D _UNICODE /D UNICODE /Gm /EHsc /RTC1 /MDd /GS /fp:precise /Zc:wchar_t /Zc:forScope /Zc:inline /Yu"stdafx.h" /Fp"Debug\CHeksaAndOperatorsLibrary.pch" /Fo"Debug\\" /Fd"Debug\CHeksaAndOperatorsLibrary.pdb" /Gd /TP /analyze- /errorReport:prompt CharArray.cpp Heksa.cpp Hex.cpp HexaInToTetradesNBCAdapter.cpp NBC.cpp NUtils.cpp PositionalSignValue.cpp TetradeNBC.cpp
         TetradeNBC.cpp
         PositionalSignValue.cpp
         NUtils.cpp
         NBC.cpp
         HexaInToTetradesNBCAdapter.cpp
         Hex.cpp
         Heksa.cpp
         CharArray.cpp
         Generating Code...
     1>d:\clouds\onedrive\github\-2015-11-pwr-cpp-zmpo-ex2_2-\cheksaandoperators\cheksaandoperators\cheksaandoperatorslibrary\heksa.cpp(29): warning C4717: 'CHeksa::GetSize': recursive on all control paths, function will cause runtime stack overflow
       Lib:
         C:\Program Files (x86)\Microsoft Visual Studio 14.0\VC\bin\Lib.exe /OUT:"D:\Clouds\OneDrive\GitHub\-2015-11-Pwr-Cpp-ZMPO-Ex2_2-\CHeksaAndOperators\CHeksaAndOperators\Debug\CHeksaAndOperatorsLibrary.lib" /NOLOGO Debug\CharArray.obj
         Debug\Heksa.obj
         Debug\Hex.obj
         Debug\HexaInToTetradesNBCAdapter.obj
         Debug\NBC.obj
         Debug\NUtils.obj
         Debug\PositionalSignValue.obj
         Debug\stdafx.obj
         Debug\TetradeNBC.obj
         CHeksaAndOperatorsLibrary.vcxproj -> D:\Clouds\OneDrive\GitHub\-2015-11-Pwr-Cpp-ZMPO-Ex2_2-\CHeksaAndOperators\CHeksaAndOperators\Debug\CHeksaAndOperatorsLibrary.lib
     1>Done Building Project "D:\Clouds\OneDrive\GitHub\-2015-11-Pwr-Cpp-ZMPO-Ex2_2-\CHeksaAndOperators\CHeksaAndOperators\CHeksaAndOperatorsLibrary\CHeksaAndOperatorsLibrary.vcxproj" (Build target(s)).

Build succeeded.

Time Elapsed 00:00:03.74
